<?xml version="1.0" encoding="UTF-8"?>
<!-- Generated by org.testng.reporters.JUnitXMLReporter -->
<testsuite hostname="DESKTOP-B2220QC" ignored="0" name="Test" tests="4" failures="0" timestamp="2022-02-28T08:44:53 IST" time="0.194" errors="0">
  <testcase name="testA" time="0.015" classname="pack123.General"/>
  <testcase name="testB" time="0.004" classname="pack123.General"/>
  <testcase name="testC" time="0.004" classname="pack123.Genral123"/>
  <testcase name="testD" time="0.003" classname="pack123.Genral123"/>
</testsuite> <!-- Test -->
